Dimension +10:
-3 10 -3 2 1 4 1 4 1 -3 3 
10 4 3 1 8 1 1 7 -2 -1 1 
3 -2 -4 -4 10 -4 2 -2 -2 3 -4 
4 -5 1 -2 3 1 3 5 -5 -4 -2 
-4 -2 -4 3 -1 -2 3 -1 1 4 8 
4 -2 -1 -1 -2 -2 -4 3 2 -1 -1 
-4 3 2 -4 -4 -4 4 3 -5 -4 1 
-1 -3 3 8 -4 4 1 3 -1 2 -5 
-3 -4 -3 2 2 3 3 3 -5 -2 -3 
1 2 -2 -4 -3 3 2 3 -4 -1 1 
-------------------------
-3 10 -3 2 1 4 1 4 1 -3 3 
0 37.3333 -7 7.66667 11.3333 14.3333 4.33333 20.3333 1.33333 -11 11 
0 8 -7 -2 11 0 3 2 -1 0 -1 
0 8.33333 -3 0.666667 4.33333 6.33333 4.33333 10.3333 -3.66667 -8 2 
0 -15.3333 0 0.333333 -2.33333 -7.33333 1.66667 -6.33333 -0.333333 8 4 
0 11.3333 -5 1.66667 -0.666667 3.33333 -2.66667 8.33333 3.33333 -5 3 
0 -10.3333 6 -6.66667 -5.33333 -9.33333 2.66667 -2.33333 -6.33333 0 -3 
0 -6.33333 4 7.33333 -4.33333 2.66667 0.666667 1.66667 -1.33333 3 -6 
0 -14 0 0 1 -1 2 -1 -6 1 -6 
0 5.33333 -3 -3.33333 -2.66667 4.33333 2.33333 4.33333 -3.66667 -2 2 
-------------------------
-3 10 -3 2 1 4 1 4 1 -3 3 
0 37.3333 -7 7.66667 11.3333 14.3333 4.33333 20.3333 1.33333 -11 11 
0 0 -5.5 -3.64286 8.57143 -3.07143 2.07143 -2.35714 -1.28571 2.35714 -3.35714 
0 0 -1.4375 -1.04464 1.80357 3.13393 3.36607 5.79464 -3.96429 -5.54464 -0.455357 
0 0 -2.875 3.48214 2.32143 -1.44643 3.44643 2.01786 0.214286 3.48214 8.51786 
0 -1.77636e-015 -2.875 -0.660714 -4.10714 -1.01786 -3.98214 2.16071 2.92857 -1.66071 -0.339286 
0 0 4.0625 -4.54464 -2.19643 -5.36607 3.86607 3.29464 -5.96429 -3.04464 0.0446429 
0 0 2.8125 8.63393 -2.41071 5.09821 1.40179 5.11607 -1.10714 1.13393 -4.13393 
0 0 -2.625 2.875 5.25 4.375 3.625 6.625 -5.5 -3.125 -1.875 
0 0 -2 -4.42857 -4.28571 2.28571 1.71429 1.42857 -3.85714 -0.428571 0.428571 
-------------------------
-3 10 -3 2 1 4 1 4 1 -3 3 
0 37.3333 -7 7.66667 11.3333 14.3333 4.33333 20.3333 1.33333 -11 11 
0 0 -5.5 -3.64286 8.57143 -3.07143 2.07143 -2.35714 -1.28571 2.35714 -3.35714 
0 0 0 -0.0925325 -0.436688 3.93669 2.82468 6.41071 -3.62825 -6.16071 0.422078 
0 0 -4.44089e-016 5.38636 -2.15909 0.159091 2.36364 3.25 0.886364 2.25 10.2727 
0 -1.77636e-015 0 1.24351 -8.58766 0.587662 -5.06494 3.39286 3.60065 -2.89286 1.41558 
0 0 0 -7.23539 4.13474 -7.63474 5.3961 1.55357 -6.91396 -1.30357 -2.43506 
0 0 0 6.7711 1.9724 3.5276 2.46104 3.91071 -1.76461 2.33929 -5.85065 
0 0 0 4.61364 1.15909 5.84091 2.63636 7.75 -4.88636 -4.25 -0.272727 
0 0 0 -3.1039 -7.4026 3.4026 0.961039 2.28571 -3.38961 -1.28571 1.64935 
-------------------------
-3 10 -3 2 1 4 1 4 1 -3 3 
0 37.3333 -7 7.66667 11.3333 14.3333 4.33333 20.3333 1.33333 -11 11 
0 0 -5.5 -3.64286 8.57143 -3.07143 2.07143 -2.35714 -1.28571 2.35714 -3.35714 
0 0 0 -0.0925325 -0.436688 3.93669 2.82468 6.41071 -3.62825 -6.16071 0.422078 
0 0 -4.44089e-016 0 -27.5789 229.316 166.789 376.421 -210.316 -356.368 34.8421 
0 -1.77636e-015 0 0 -14.4561 53.4912 32.8947 89.5439 -45.1579 -85.6842 7.08772 
0 0 0 0 38.2807 -315.456 -215.474 -499.719 276.789 480.421 -35.4386 
0 0 0 0 -29.9825 291.596 209.158 473.018 -267.263 -448.474 25.0351 
0 0 0 0 -20.614 202.123 143.474 327.386 -185.789 -311.421 20.7719 
0 0 0 4.44089e-016 7.24561 -128.649 -93.7895 -212.754 118.316 205.368 -12.5088 
-------------------------
-3 10 -3 2 1 4 1 4 1 -3 3 
0 37.3333 -7 7.66667 11.3333 14.3333 4.33333 20.3333 1.33333 -11 11 
0 0 -5.5 -3.64286 8.57143 -3.07143 2.07143 -2.35714 -1.28571 2.35714 -3.35714 
0 0 0 -0.0925325 -0.436688 3.93669 2.82468 6.41071 -3.62825 -6.16071 0.422078 
0 0 -4.44089e-016 0 -27.5789 229.316 166.789 376.421 -210.316 -356.368 34.8421 
0 -1.77636e-015 2.3278e-016 0 0 -66.7099 -54.5318 -107.766 65.084 101.115 -11.1756 
0 0 -6.16414e-016 0 0 2.84351 16.0369 22.7684 -15.1374 -14.2328 12.9237 
0 0 4.82792e-016 0 3.55271e-015 42.2958 27.8327 63.7913 -38.6183 -61.0477 -12.8435 
0 0 3.31937e-016 0 0 30.7195 18.806 46.028 -28.5878 -45.0515 -5.27099 
0 0 -1.16672e-016 4.44089e-016 0 -68.4027 -49.9701 -113.86 63.0611 111.742 -3.35496 
-------------------------
-3 10 -3 2 1 4 1 4 1 -3 3 
0 37.3333 -7 7.66667 11.3333 14.3333 4.33333 20.3333 1.33333 -11 11 
0 0 -5.5 -3.64286 8.57143 -3.07143 2.07143 -2.35714 -1.28571 2.35714 -3.35714 
0 0 0 -0.0925325 -0.436688 3.93669 2.82468 6.41071 -3.62825 -6.16071 0.422078 
0 0 -4.44089e-016 0 -27.5789 229.316 166.789 376.421 -210.316 -356.368 34.8421 
0 -1.77636e-015 2.3278e-016 0 0 -66.7099 -54.5318 -107.766 65.084 101.115 -11.1756 
0 -7.57172e-017 -6.06492e-016 0 0 0 13.7125 18.1749 -12.3632 -9.92282 12.4473 
0 -1.12626e-015 6.3038e-016 0 3.55271e-015 0 -6.74187 -4.535 2.64658 3.06148 -19.9291 
0 -8.18e-016 4.3913e-016 0 0 0 -6.30555 -3.59747 1.38294 1.51101 -10.4173 
0 1.82143e-015 -3.55359e-016 4.44089e-016 0 0 5.94544 -3.35961 -3.67439 8.06211 8.10419 
-------------------------
-3 10 -3 2 1 4 1 4 1 -3 3 
0 37.3333 -7 7.66667 11.3333 14.3333 4.33333 20.3333 1.33333 -11 11 
0 0 -5.5 -3.64286 8.57143 -3.07143 2.07143 -2.35714 -1.28571 2.35714 -3.35714 
0 0 0 -0.0925325 -0.436688 3.93669 2.82468 6.41071 -3.62825 -6.16071 0.422078 
0 0 -4.44089e-016 0 -27.5789 229.316 166.789 376.421 -210.316 -356.368 34.8421 
0 -1.77636e-015 2.3278e-016 0 0 -66.7099 -54.5318 -107.766 65.084 101.115 -11.1756 
0 -7.57172e-017 -6.06492e-016 0 0 0 13.7125 18.1749 -12.3632 -9.92282 12.4473 
0 -1.16348e-015 3.32193e-016 0 3.55271e-015 0 0 4.40087 -3.4319 -1.81717 -13.8093 
0 -8.52818e-016 1.60241e-016 0 0 0 0 4.76008 -4.30216 -3.05189 -4.6935 
0 1.85426e-015 -9.23968e-017 4.44089e-016 0 0 0 -11.2399 1.68603 12.3644 2.7073 
-------------------------
-3 10 -3 2 1 4 1 4 1 -3 3 
0 37.3333 -7 7.66667 11.3333 14.3333 4.33333 20.3333 1.33333 -11 11 
0 0 -5.5 -3.64286 8.57143 -3.07143 2.07143 -2.35714 -1.28571 2.35714 -3.35714 
0 0 0 -0.0925325 -0.436688 3.93669 2.82468 6.41071 -3.62825 -6.16071 0.422078 
0 0 -4.44089e-016 0 -27.5789 229.316 166.789 376.421 -210.316 -356.368 34.8421 
0 -1.77636e-015 2.3278e-016 0 0 -66.7099 -54.5318 -107.766 65.084 101.115 -11.1756 
0 -7.57172e-017 -6.06492e-016 0 0 0 13.7125 18.1749 -12.3632 -9.92282 12.4473 
0 -1.16348e-015 3.32193e-016 0 3.55271e-015 0 0 4.40087 -3.4319 -1.81717 -13.8093 
0 4.05631e-016 -1.99066e-016 0 -3.84269e-015 0 0 0 -0.590139 -1.08641 10.2429 
0 -1.11729e-015 7.56026e-016 4.44089e-016 9.07366e-015 0 0 0 -7.07907 7.72336 -32.5617 
-------------------------
-3 10 -3 2 1 4 1 4 1 -3 3 
0 37.3333 -7 7.66667 11.3333 14.3333 4.33333 20.3333 1.33333 -11 11 
0 0 -5.5 -3.64286 8.57143 -3.07143 2.07143 -2.35714 -1.28571 2.35714 -3.35714 
0 0 0 -0.0925325 -0.436688 3.93669 2.82468 6.41071 -3.62825 -6.16071 0.422078 
0 0 -4.44089e-016 0 -27.5789 229.316 166.789 376.421 -210.316 -356.368 34.8421 
0 -1.77636e-015 2.3278e-016 0 0 -66.7099 -54.5318 -107.766 65.084 101.115 -11.1756 
0 -7.57172e-017 -6.06492e-016 0 0 0 13.7125 18.1749 -12.3632 -9.92282 12.4473 
0 -1.16348e-015 3.32193e-016 0 3.55271e-015 0 0 4.40087 -3.4319 -1.81717 -13.8093 
0 4.05631e-016 -1.99066e-016 0 -3.84269e-015 0 0 0 -0.590139 -1.08641 10.2429 
0 -5.98307e-015 3.14394e-015 4.44089e-016 5.51691e-014 0 0 0 0 20.7555 -155.432 
-------------------------
x1: 8.37472
x2: 2.61446
x3: -6.1028
x4: 7.57912
x5: -4.33372
x6: -3.55215
x7: 4.2174
x8: -9.01444
x9: -3.57058
x10: -7.48872
Calculate time: 0.008s
