Dimension +20:
4 -1 -2 3 -3 2 -4 -3 3 4 -1 -2 4 -2 -5 -2 -3 -3 4 3 2 
2 -2 -3 6 2 7 3 3 -2 1 -3 4 -5 -2 -1 -5 -3 2 3 8 -1 
-2 2 4 1 4 -5 1 -2 -2 2 1 -5 -1 -2 3 -4 -3 1 1 4 3 
-2 -5 1 5 3 3 1 -4 -1 4 2 1 -2 3 5 -4 8 1 3 4 -4 
3 4 3 -5 4 -2 4 -5 4 -2 -3 9 -2 2 1 -3 3 -3 1 -1 -5 
-2 -3 3 4 -2 1 4 8 -1 1 2 -1 -5 1 -4 8 1 4 -2 -4 -5 
-3 -4 8 4 -3 2 -2 -1 1 1 4 4 1 -1 -5 4 3 -5 3 -5 -1 
-1 -1 4 2 -3 -1 -2 -5 -3 1 1 3 1 -2 -3 -4 3 2 -5 -3 -4 
-1 -5 3 -3 4 2 1 4 2 -1 -4 -5 -2 -3 2 -3 5 -5 5 -2 2 
1 6 -2 2 -2 1 -5 -1 -5 2 8 -2 -4 -1 4 -1 -2 3 -4 1 3 
-1 -4 -2 4 4 -4 -3 2 3 -5 3 1 3 3 -1 -5 1 -4 -3 -4 9 
3 -5 4 -3 -2 2 -4 -2 -5 -2 1 2 2 4 1 1 2 3 -1 -1 1 
3 -4 -4 4 -2 2 -3 -5 3 4 -2 -3 -2 3 -2 8 -3 -4 -2 -3 10 
1 -2 1 -4 3 4 2 4 -2 -2 -5 -1 3 1 -2 -5 -1 -4 1 -4 -5 
-2 4 4 -4 -1 4 3 -4 -5 3 4 3 1 4 -4 1 -4 -2 1 2 -1 
9 1 3 2 4 -3 -4 4 2 -1 -1 1 -1 2 -5 -1 -2 -2 -3 -2 -5 
-4 4 2 4 2 4 4 -3 -4 1 -2 -1 1 2 -4 -4 1 -4 1 3 4 
4 1 -1 3 -2 4 9 -2 3 2 2 2 -1 1 1 -1 2 4 1 2 -1 
5 1 3 -2 4 -3 -4 1 -4 -3 -2 1 3 6 4 -4 -4 3 -2 -5 -5 
1 4 3 4 2 -4 -2 -2 2 4 -5 1 -1 -1 -3 -2 4 -3 -3 2 -3 
-------------------------
4 -1 -2 3 -3 2 -4 -3 3 4 -1 -2 4 -2 -5 -2 -3 -3 4 3 2 
0 -1.5 -2 4.5 3.5 6 5 4.5 -3.5 -1 -2.5 5 -7 -1 1.5 -4 -1.5 3.5 1 6.5 -2 
0 1.5 3 2.5 2.5 -4 -1 -3.5 -0.5 4 0.5 -6 1 -3 0.5 -5 -4.5 -0.5 3 5.5 4 
0 -5.5 0 6.5 1.5 4 -1 -5.5 0.5 6 1.5 0 0 2 2.5 -5 6.5 -0.5 5 5.5 -3 
0 4.75 4.5 -7.25 6.25 -3.5 7 -2.75 1.75 -5 -2.25 10.5 -5 3.5 4.75 -1.5 5.25 -0.75 -2 -3.25 -6.5 
0 -3.5 2 5.5 -3.5 2 2 6.5 0.5 3 1.5 -2 -3 0 -6.5 7 -0.5 2.5 0 -2.5 -4 
0 -4.75 6.5 6.25 -5.25 3.5 -5 -3.25 3.25 4 3.25 2.5 4 -2.5 -8.75 2.5 0.75 -7.25 6 -2.75 0.5 
0 -1.25 3.5 2.75 -3.75 -0.5 -3 -5.75 -2.25 2 0.75 2.5 2 -2.5 -4.25 -4.5 2.25 1.25 -4 -2.25 -3.5 
0 -5.25 2.5 -2.25 3.25 2.5 0 3.25 2.75 0 -4.25 -5.5 -1 -3.5 0.75 -3.5 4.25 -5.75 6 -1.25 2.5 
0 6.25 -1.5 1.25 -1.25 0.5 -4 -0.25 -5.75 1 8.25 -1.5 -5 -0.5 5.25 -0.5 -1.25 3.75 -5 0.25 2.5 
0 -4.25 -2.5 4.75 3.25 -3.5 -4 1.25 3.75 -4 2.75 0.5 4 2.5 -2.25 -5.5 0.25 -4.75 -2 -3.25 9.5 
0 -4.25 5.5 -5.25 0.25 0.5 -1 0.25 -7.25 -5 1.75 3.5 -1 5.5 4.75 2.5 4.25 5.25 -4 -3.25 -0.5 
0 -3.25 -2.5 1.75 0.25 0.5 0 -2.75 0.75 1 -1.25 -1.5 -5 4.5 1.75 9.5 -0.75 -1.75 -5 -5.25 8.5 
0 -1.75 1.5 -4.75 3.75 3.5 3 4.75 -2.75 -3 -4.75 -0.5 2 1.5 -0.75 -4.5 -0.25 -3.25 0 -4.75 -5.5 
0 3.5 3 -2.5 -2.5 5 1 -5.5 -3.5 5 3.5 2 3 3 -6.5 0 -5.5 -3.5 3 3.5 0 
0 3.25 7.5 -4.75 10.75 -7.5 5 10.75 -4.75 -10 1.25 5.5 -10 6.5 6.25 3.5 4.75 4.75 -12 -8.75 -9.5 
0 3 0 7 -1 6 0 -6 -1 5 -3 -3 5 0 -9 -6 -2 -7 5 6 6 
0 2 1 0 1 2 13 1 0 -2 3 4 -5 3 6 1 5 7 -3 -1 -3 
0 2.25 5.5 -5.75 7.75 -5.5 1 4.75 -7.75 -8 -0.75 3.5 -2 8.5 10.25 -1.5 -0.25 6.75 -7 -8.75 -7.5 
0 4.25 3.5 3.25 2.75 -4.5 -1 -1.25 1.25 3 -4.75 1.5 -2 -0.5 -1.75 -1.5 4.75 -2.25 -4 1.25 -3.5 
-------------------------
4 -1 -2 3 -3 2 -4 -3 3 4 -1 -2 4 -2 -5 -2 -3 -3 4 3 2 
0 -1.5 -2 4.5 3.5 6 5 4.5 -3.5 -1 -2.5 5 -7 -1 1.5 -4 -1.5 3.5 1 6.5 -2 
0 0 1 7 6 2 4 1 -4 3 -2 -1 -6 -4 2 -9 -6 3 4 12 2 
0 0 7.33333 -10 -11.3333 -18 -19.3333 -22 13.3333 9.66667 10.6667 -18.3333 25.6667 5.66667 -3 9.66667 12 -13.3333 1.33333 -18.3333 4.33333 
0 0 -1.83333 7 17.3333 15.5 22.8333 11.5 -9.33333 -8.16667 -10.1667 26.3333 -27.1667 0.333333 9.5 -14.1667 0.5 10.3333 1.16667 17.3333 -12.8333 
0 0 6.66667 -5 -11.6667 -12 -9.66667 -4 8.66667 5.33333 7.33333 -13.6667 13.3333 2.33333 -10 16.3333 3 -5.66667 -2.33333 -17.6667 0.666667 
0 0 12.8333 -8 -16.3333 -15.5 -20.8333 -17.5 14.3333 7.16667 11.1667 -13.3333 26.1667 0.666667 -13.5 15.1667 5.5 -18.3333 2.83333 -23.3333 6.83333 
0 0 5.16667 -1 -6.66667 -5.5 -7.16667 -9.5 0.666667 2.83333 2.83333 -1.66667 7.83333 -1.66667 -5.5 -1.16667 3.5 -1.66667 -4.83333 -7.66667 -1.83333 
0 0 9.5 -18 -9 -18.5 -17.5 -12.5 15 3.5 4.5 -23 23.5 0 -4.5 10.5 9.5 -18 2.5 -24 9.5 
0 0 -9.83333 20 13.3333 25.5 16.8333 18.5 -20.3333 -3.16667 -2.16667 19.3333 -34.1667 -4.66667 11.5 -17.1667 -7.5 18.3333 -0.833333 27.3333 -5.83333 
0 0 3.16667 -8 -6.66667 -20.5 -18.1667 -11.5 13.6667 -1.16667 9.83333 -13.6667 23.8333 5.33333 -6.5 5.83333 4.5 -14.6667 -4.83333 -21.6667 15.1667 
0 0 11.1667 -18 -9.66667 -16.5 -15.1667 -12.5 2.66667 -2.16667 8.83333 -10.6667 18.8333 8.33333 0.5 13.8333 8.5 -4.66667 -6.83333 -21.6667 5.16667 
0 0 1.83333 -8 -7.33333 -12.5 -10.8333 -12.5 8.33333 3.16667 4.16667 -12.3333 10.1667 6.66667 -1.5 18.1667 2.5 -9.33333 -7.16667 -19.3333 12.8333 
0 0 3.83333 -10 -0.333333 -3.5 -2.83333 -0.5 1.33333 -1.83333 -1.83333 -6.33333 10.1667 2.66667 -2.5 0.166667 1.5 -7.33333 -1.16667 -12.3333 -3.16667 
0 0 -1.66667 8 5.66667 19 12.6667 5 -11.6667 2.66667 -2.33333 13.6667 -13.3333 0.666667 -3 -9.33333 -9 4.66667 5.33333 18.6667 -4.66667 
0 0 3.16667 5 18.3333 5.5 15.8333 20.5 -12.3333 -12.1667 -4.16667 16.3333 -25.1667 4.33333 9.5 -5.16667 1.5 12.3333 -9.83333 5.33333 -13.8333 
0 0 -4 16 6 18 10 3 -8 3 -8 7 -9 -2 -6 -14 -5 0 7 19 2 
0 0 -1.66667 6 5.66667 10 19.6667 7 -4.66667 -3.33333 -0.333333 10.6667 -14.3333 1.66667 8 -4.33333 3 11.6667 -1.66667 7.66667 -5.66667 
0 0 2.5 1 13 3.5 8.5 11.5 -13 -9.5 -4.5 11 -12.5 7 12.5 -7.5 -2.5 12 -5.5 1 -10.5 
0 0 -2.16667 16 12.6667 12.5 13.1667 11.5 -8.66667 0.166667 -11.8333 15.6667 -21.8333 -3.33333 2.5 -12.8333 0.5 7.66667 -1.16667 19.6667 -9.16667 
-------------------------
4 -1 -2 3 -3 2 -4 -3 3 4 -1 -2 4 -2 -5 -2 -3 -3 4 3 2 
0 -1.5 -2 4.5 3.5 6 5 4.5 -3.5 -1 -2.5 5 -7 -1 1.5 -4 -1.5 3.5 1 6.5 -2 
0 0 1 7 6 2 4 1 -4 3 -2 -1 -6 -4 2 -9 -6 3 4 12 2 
0 0 0 -61.3333 -55.3333 -32.6667 -48.6667 -29.3333 42.6667 -12.3333 25.3333 -11 69.6667 35 -17.6667 75.6667 56 -35.3333 -28 -106.333 -10.3333 
0 0 0 19.8333 28.3333 19.1667 30.1667 13.3333 -16.6667 -2.66667 -13.8333 24.5 -38.1667 -7 13.1667 -30.6667 -10.5 15.8333 8.5 39.3333 -9.16667 
0 0 0 -51.6667 -51.6667 -25.3333 -36.3333 -10.6667 35.3333 -14.6667 20.6667 -7 53.3333 29 -23.3333 76.3333 43 -25.6667 -29 -97.6667 -12.6667 
0 0 0 -97.8333 -93.3333 -41.1667 -72.1667 -30.3333 65.6667 -31.3333 36.8333 -0.5 103.167 52 -39.1667 130.667 82.5 -56.8333 -48.5 -177.333 -18.8333 
0 0 0 -37.1667 -37.6667 -15.8333 -27.8333 -14.6667 21.3333 -12.6667 13.1667 3.5 38.8333 19 -15.8333 45.3333 34.5 -17.1667 -25.5 -69.6667 -12.1667 
0 0 0 -84.5 -66 -37.5 -55.5 -22 53 -25 23.5 -13.5 80.5 38 -23.5 96 66.5 -46.5 -35.5 -138 -9.5 
0 0 0 88.8333 72.3333 45.1667 56.1667 28.3333 -59.6667 26.3333 -21.8333 9.5 -93.1667 -44 31.1667 -105.667 -66.5 47.8333 38.5 145.333 13.8333 
0 0 0 -30.1667 -25.6667 -26.8333 -30.8333 -14.6667 26.3333 -10.6667 16.1667 -10.5 42.8333 18 -12.8333 34.3333 23.5 -24.1667 -17.5 -59.6667 8.83333 
0 0 0 -96.1667 -76.6667 -38.8333 -59.8333 -23.6667 47.3333 -35.6667 31.1667 0.5 85.8333 53 -21.8333 114.333 75.5 -38.1667 -51.5 -155.667 -17.1667 
0 0 0 -20.8333 -18.3333 -16.1667 -18.1667 -14.3333 15.6667 -2.33333 7.83333 -10.5 21.1667 14 -5.16667 34.6667 13.5 -14.8333 -14.5 -41.3333 9.16667 
0 0 0 -36.8333 -23.3333 -11.1667 -18.1667 -4.33333 16.6667 -13.3333 5.83333 -2.5 33.1667 18 -10.1667 34.6667 24.5 -18.8333 -16.5 -58.3333 -10.8333 
0 0 0 19.6667 15.6667 22.3333 19.3333 6.66667 -18.3333 7.66667 -5.66667 12 -23.3333 -6 0.333333 -24.3333 -19 9.66667 12 38.6667 -1.33333 
0 0 0 -17.1667 -0.666667 -0.833333 3.16667 17.3333 0.333333 -21.6667 2.16667 19.5 -6.16667 17 3.16667 23.3333 20.5 2.83333 -22.5 -32.6667 -20.1667 
0 0 0 44 30 26 26 7 -24 15 -16 3 -33 -18 2 -50 -29 12 23 67 10 
0 0 0 17.6667 15.6667 13.3333 26.3333 8.66667 -11.3333 1.66667 -3.66667 9 -24.3333 -5 11.3333 -19.3333 -7 16.6667 5 27.6667 -2.33333 
0 0 0 -16.5 -2 -1.5 -1.5 9 -3 -17 0.5 13.5 2.5 17 7.5 15 12.5 4.5 -15.5 -29 -15.5 
0 0 0 31.1667 25.6667 16.8333 21.8333 13.6667 -17.3333 6.66667 -16.1667 13.5 -34.8333 -12 6.83333 -32.3333 -12.5 14.1667 7.5 45.6667 -4.83333 
-------------------------
4 -1 -2 3 -3 2 -4 -3 3 4 -1 -2 4 -2 -5 -2 -3 -3 4 3 2 
0 -1.5 -2 4.5 3.5 6 5 4.5 -3.5 -1 -2.5 5 -7 -1 1.5 -4 -1.5 3.5 1 6.5 -2 
0 0 1 7 6 2 4 1 -4 3 -2 -1 -6 -4 2 -9 -6 3 4 12 2 
0 0 0 -61.3333 -55.3333 -32.6667 -48.6667 -29.3333 42.6667 -12.3333 25.3333 -11 69.6667 35 -17.6667 75.6667 56 -35.3333 -28 -106.333 -10.3333 
0 0 0 0 10.4402 8.60326 14.4293 3.84783 -2.86957 -6.65489 -5.6413 20.9429 -15.6386 4.31793 7.4538 -6.19837 7.6087 4.40761 -0.554348 4.94837 -12.5082 
0 0 0 0 -5.05435 2.18478 4.66304 14.0435 -0.608696 -4.27717 -0.673913 2.2663 -5.35326 -0.483696 -8.45109 12.5924 -4.17391 4.09783 -5.41304 -8.09239 -3.96196 
0 0 0 0 -5.07065 10.9402 5.46196 16.4565 -2.3913 -11.6603 -3.57609 17.0462 -7.95924 -3.8288 -10.9864 9.97011 -6.82609 -0.472826 -3.83696 -7.72011 -2.35054 
0 0 0 0 -4.13587 3.96196 1.65761 3.1087 -4.52174 -5.19293 -2.18478 10.1658 -3.38315 -2.20924 -5.12772 -0.519022 0.565217 4.24457 -8.53261 -5.23098 -5.90489 
0 0 0 0 10.2337 7.50543 11.5489 18.413 -5.78261 -8.00815 -11.4022 1.65489 -15.481 -10.2201 0.839674 -8.24728 -10.6522 2.17935 3.07609 8.49728 4.73641 
0 0 0 0 -7.80978 -2.14674 -14.3207 -14.1522 2.13043 8.47011 14.8587 -6.43207 7.73641 6.69293 5.5788 3.92663 14.6087 -3.34239 -2.05435 -8.67663 -1.13315 
0 0 0 0 1.54891 -10.7663 -6.89674 -0.23913 5.34783 -4.60054 3.70652 -5.08967 8.56793 0.785326 -4.14402 -2.88315 -4.04348 -6.78804 -3.72826 -7.36685 13.9158 
0 0 0 0 10.0924 12.3859 16.4728 22.3261 -19.5652 -16.3288 -8.55435 17.7473 -23.3995 -1.87772 5.86685 -4.30707 -12.3043 17.2337 -7.59783 11.0571 -0.964674 
0 0 0 0 0.461957 -5.07065 -1.63587 -4.36957 1.17391 1.85598 -0.771739 -6.76359 -2.49728 2.11141 0.834239 8.96467 -5.52174 -2.83152 -4.98913 -5.21467 12.6766 
0 0 0 0 9.89674 8.45109 11.0598 13.2826 -8.95652 -5.92663 -9.38043 4.10598 -8.6712 -3.01902 0.442935 -10.7745 -9.13043 2.38587 0.315217 5.52446 -4.62772 
0 0 0 0 -2.07609 11.8587 3.72826 -2.73913 -4.65217 3.71196 2.45652 8.47283 -0.994565 5.22283 -5.33152 -0.0706522 -1.04348 -1.66304 3.02174 4.57065 -4.64674 
0 0 0 0 14.8207 8.30978 16.788 25.5435 -11.6087 -18.2147 -4.92391 22.5788 -25.6658 7.2038 8.11141 2.15489 4.82609 12.7228 -14.663 -2.90489 -17.2745 
0 0 0 0 -9.69565 2.56522 -8.91304 -14.0435 6.6087 6.15217 2.17391 -4.8913 16.9783 7.1087 -10.6739 4.28261 11.1739 -13.3478 2.91304 -9.28261 2.58696 
0 0 0 0 -0.271739 3.92391 12.3152 0.217391 0.956522 -1.88587 3.63043 5.83152 -4.2663 5.08152 6.24457 2.46196 9.13043 6.48913 -3.06522 -2.96196 -5.30978 
0 0 0 0 12.8859 7.28804 11.5924 16.8913 -14.4783 -13.6821 -6.31522 16.4592 -16.2418 7.58424 12.2527 -5.35598 -2.56522 14.0054 -7.96739 -0.394022 -12.7201 
0 0 0 -3.55271e-015 -2.45109 0.233696 -2.89674 -1.23913 4.34783 0.399457 -3.29348 7.91033 0.567935 5.78533 -2.14402 6.11685 15.9565 -3.78804 -6.72826 -8.36685 -10.0842 
-------------------------
4 -1 -2 3 -3 2 -4 -3 3 4 -1 -2 4 -2 -5 -2 -3 -3 4 3 2 
0 -1.5 -2 4.5 3.5 6 5 4.5 -3.5 -1 -2.5 5 -7 -1 1.5 -4 -1.5 3.5 1 6.5 -2 
0 0 1 7 6 2 4 1 -4 3 -2 -1 -6 -4 2 -9 -6 3 4 12 2 
0 0 0 -61.3333 -55.3333 -32.6667 -48.6667 -29.3333 42.6667 -12.3333 25.3333 -11 69.6667 35 -17.6667 75.6667 56 -35.3333 -28 -106.333 -10.3333 
0 0 0 0 10.4402 8.60326 14.4293 3.84783 -2.86957 -6.65489 -5.6413 20.9429 -15.6386 4.31793 7.4538 -6.19837 7.6087 4.40761 -0.554348 4.94837 -12.5082 
0 0 0 0 0 6.34982 11.6486 15.9063 -1.99792 -7.49896 -3.405 12.4053 -12.9243 1.60672 -4.84253 9.59162 -0.49037 6.23165 -5.68142 -5.69677 -10.0174 
0 0 0 0 0 15.1187 12.4701 18.3254 -3.78501 -14.8925 -6.31598 27.2179 -15.5547 -1.73165 -7.36622 6.95966 -3.13066 1.66788 -4.10619 -5.31676 -8.42556 
0 0 0 0 0 7.37012 7.37376 4.633 -5.65851 -7.82926 -4.41957 18.4623 -9.57834 -0.498699 -2.17491 -2.97449 3.57939 5.99063 -8.75221 -3.27069 -10.86 
0 0 0 0 0 -0.927642 -2.595 14.6413 -2.96981 -1.4849 -5.87246 -18.8738 -0.151744 -14.4526 -6.46668 -2.17153 -18.1104 -2.14107 3.61947 3.6468 16.9971 
0 0 0 0 0 4.28891 -3.52681 -11.2738 -0.0161374 3.49193 10.6387 9.23425 -3.962 9.92296 11.1546 -0.710047 20.3004 -0.0452889 -2.46903 -4.97501 -10.4898 
0 0 0 0 0 -12.0427 -9.03748 -0.809995 5.77356 -3.61322 4.54347 -8.19677 10.8881 0.144716 -5.24987 -1.96356 -5.17231 -7.44196 -3.64602 -8.10099 15.7715 
0 0 0 0 0 4.06923 2.52421 18.6065 -16.7913 -9.89563 -3.10099 -2.49792 -8.28188 -6.0518 -1.33863 1.6848 -19.6596 12.9729 -7.06195 6.27356 11.1268 
0 0 0 0 0 -5.45133 -2.27434 -4.53982 1.30088 2.15044 -0.522124 -7.69027 -1.80531 1.92035 0.504425 9.23894 -5.85841 -3.02655 -4.9646 -5.43363 13.2301 
0 0 0 0 0 0.295679 -2.61843 9.63509 -6.23634 0.381832 -4.0328 -15.7467 6.15331 -7.11218 -6.62285 -4.89875 -16.3431 -1.7923 0.840708 0.83368 7.22931 
0 0 0 0 0 13.5695 6.59761 -1.97397 -5.2228 2.3886 1.33472 12.6374 -4.10437 6.08147 -3.8493 -1.30323 0.469547 -0.786569 2.9115 5.55466 -7.13404 
0 0 0 0 0 -3.90318 -3.69547 20.0812 -7.53514 -8.76757 3.08433 -7.15122 -3.46564 1.07418 -2.46981 10.9539 -5.97501 6.4659 -13.8761 -9.92946 0.48178 
0 0 0 0 0 10.5549 4.48725 -10.4701 3.94378 -0.0281104 -3.06507 14.558 2.45497 11.1187 -3.75169 -1.47371 18.24 -9.25455 2.39823 -4.68714 -9.02915 
0 0 0 0 0 4.14784 12.6908 0.317543 0.881832 -2.05908 3.4836 6.37663 -4.67335 5.19391 6.43857 2.30062 9.32847 6.60385 -3.07965 -2.83316 -5.63535 
0 0 0 0 0 -3.33056 -6.21707 12.1421 -10.9365 -5.46825 0.647579 -9.38964 3.06012 2.25482 3.05284 2.29438 -11.9563 8.56533 -7.28319 -6.50156 2.71812 
0 0 0 -3.55271e-015 0 2.25351 0.49089 -0.335763 3.67413 -1.16294 -4.61791 12.8272 -3.10359 6.79906 -0.394066 4.66163 17.7428 -2.75325 -6.85841 -7.2051 -13.0208 
-------------------------
4 -1 -2 3 -3 2 -4 -3 3 4 -1 -2 4 -2 -5 -2 -3 -3 4 3 2 
0 -1.5 -2 4.5 3.5 6 5 4.5 -3.5 -1 -2.5 5 -7 -1 1.5 -4 -1.5 3.5 1 6.5 -2 
0 0 1 7 6 2 4 1 -4 3 -2 -1 -6 -4 2 -9 -6 3 4 12 2 
0 0 0 -61.3333 -55.3333 -32.6667 -48.6667 -29.3333 42.6667 -12.3333 25.3333 -11 69.6667 35 -17.6667 75.6667 56 -35.3333 -28 -106.333 -10.3333 
0 0 0 0 10.4402 8.60326 14.4293 3.84783 -2.86957 -6.65489 -5.6413 20.9429 -15.6386 4.31793 7.4538 -6.19837 7.6087 4.40761 -0.554348 4.94837 -12.5082 
0 0 0 0 0 6.34982 11.6486 15.9063 -1.99792 -7.49896 -3.405 12.4053 -12.9243 1.60672 -4.84253 9.59162 -0.49037 6.23165 -5.68142 -5.69677 -10.0174 
0 0 0 0 0 0 -15.2649 -19.547 0.971963 2.96225 1.7912 -2.31862 15.2175 -5.55718 4.16367 -15.8776 -1.96311 -13.1695 9.42105 8.24705 15.4256 
0 0 0 0 0 0 -6.14658 -13.8292 -3.33956 0.874652 -0.467454 4.0637 5.42261 -2.36358 3.44573 -14.1073 4.14855 -1.24233 -2.15789 3.34145 0.767093 
0 0 0 0 0 0 -0.893261 16.9651 -3.26168 -2.58042 -6.3699 -17.0615 -2.03984 -14.2179 -7.17413 -0.77029 -18.182 -1.23069 2.78947 2.81456 15.5337 
0 0 0 0 0 0 -11.3947 -22.0175 1.33333 8.55702 12.9386 0.855263 4.76754 8.83772 14.4254 -7.1886 20.6316 -4.25439 1.36842 -1.12719 -3.72368 
0 0 0 0 0 0 13.0546 29.3569 1.98442 -17.8353 -1.91425 15.3303 -13.6233 3.19192 -14.4339 16.2273 -6.10231 4.37662 -14.4211 -18.9051 -3.227 
0 0 0 0 0 0 -4.94073 8.41302 -15.5109 -5.08997 -0.918921 -10.4477 0.000532874 -7.08145 1.76467 -4.46192 -19.3453 8.97942 -3.42105 9.92429 17.5464 
0 0 0 0 0 0 7.72602 9.11576 -0.41433 -4.28742 -3.44532 2.95967 -12.9008 3.29972 -3.65289 17.4734 -6.27939 2.32333 -9.84211 -10.3243 4.6301 
0 0 0 0 0 0 -3.16085 8.89441 -6.1433 0.731021 -3.87424 -16.3244 6.75512 -7.187 -6.39736 -5.34538 -16.3202 -2.08247 1.10526 1.09895 7.69577 
0 0 0 0 0 1.77636e-015 -18.2954 -35.9656 -0.953271 18.4138 8.61117 -13.8725 23.5146 2.64793 6.49914 -21.8004 1.51746 -14.1035 15.0526 17.7286 14.2731 
0 0 0 0 0 0 3.46483 29.8587 -8.76324 -13.3771 0.99131 0.474176 -11.4101 2.06181 -5.44647 16.8498 -6.27644 10.2964 -17.3684 -13.4312 -5.67585 
0 0 0 0 0 0 -14.8756 -36.9101 7.2648 12.437 2.59485 -6.06247 23.9382 8.44794 4.29775 -17.4173 19.0551 -19.6131 11.8421 4.78226 7.62223 
0 0 0 0 0 0 5.08165 -10.0728 2.18692 2.8394 5.70782 -1.72676 3.76906 4.14437 9.60182 -3.96483 9.64879 2.5332 0.631579 0.888096 0.908264 
0 0 0 0 0 0 -0.107231 20.4852 -11.9844 -9.40154 -1.13838 -2.88293 -3.71881 3.09756 0.512871 7.3253 -12.2135 11.8339 -10.2632 -9.48959 -2.53615 
0 0 0 -3.55271e-015 0 0 -3.64314 -5.98082 4.38318 1.4984 -3.40949 8.42462 1.48315 6.22885 1.32452 1.25762 17.9169 -4.96483 -4.84211 -5.18335 -9.46569 
-------------------------
4 -1 -2 3 -3 2 -4 -3 3 4 -1 -2 4 -2 -5 -2 -3 -3 4 3 2 
0 -1.5 -2 4.5 3.5 6 5 4.5 -3.5 -1 -2.5 5 -7 -1 1.5 -4 -1.5 3.5 1 6.5 -2 
0 0 1 7 6 2 4 1 -4 3 -2 -1 -6 -4 2 -9 -6 3 4 12 2 
0 0 0 -61.3333 -55.3333 -32.6667 -48.6667 -29.3333 42.6667 -12.3333 25.3333 -11 69.6667 35 -17.6667 75.6667 56 -35.3333 -28 -106.333 -10.3333 
0 0 0 0 10.4402 8.60326 14.4293 3.84783 -2.86957 -6.65489 -5.6413 20.9429 -15.6386 4.31793 7.4538 -6.19837 7.6087 4.40761 -0.554348 4.94837 -12.5082 
0 0 0 0 0 6.34982 11.6486 15.9063 -1.99792 -7.49896 -3.405 12.4053 -12.9243 1.60672 -4.84253 9.59162 -0.49037 6.23165 -5.68142 -5.69677 -10.0174 
0 0 0 0 0 0 -15.2649 -19.547 0.971963 2.96225 1.7912 -2.31862 15.2175 -5.55718 4.16367 -15.8776 -1.96311 -13.1695 9.42105 8.24705 15.4256 
0 0 0 0 0 0 0 -5.95834 -3.73094 -0.318132 -1.1887 4.99732 -0.704908 -0.12592 1.76918 -7.71399 4.93902 4.0605 -5.95139 0.0206793 -5.44421 
0 0 0 0 0 0 0 18.1089 -3.31856 -2.75377 -6.47471 -16.9258 -2.93033 -13.8927 -7.41777 0.158828 -18.0671 -0.460051 2.23818 2.33196 14.631 
0 0 0 0 0 0 0 -7.42636 0.607795 6.3458 11.6015 2.58604 -6.59185 12.986 11.3174 4.66355 22.097 5.57618 -5.66409 -7.28335 -15.2384 
0 0 0 0 0 0 0 12.6403 2.81565 -15.302 -0.382409 13.3474 -0.609188 -1.56061 -10.8731 2.64869 -7.78117 -6.88596 -6.36412 -11.8522 9.96505 
0 0 0 0 0 0 0 14.7397 -15.8255 -6.04875 -1.49867 -9.69728 -4.92487 -5.28278 0.417033 0.677139 -18.7099 13.2419 -6.47033 7.255 12.5536 
0 0 0 0 0 0 -8.88178e-016 -0.777563 0.0776097 -2.78814 -2.53874 1.78614 -5.19874 0.487062 -1.54553 9.4372 -7.27298 -4.34213 -5.07382 -6.15023 12.4375 
0 0 0 0 0 0 0 12.9419 -6.34456 0.117639 -4.24514 -15.8443 3.60408 -6.03629 -7.25952 -2.05766 -15.9137 0.644481 -0.845522 -0.608737 4.50164 
0 0 0 0 0 1.77636e-015 0 -12.538 -2.11819 14.8635 6.46437 -11.0936 5.276 9.30837 1.50886 -2.77063 3.8703 1.68041 3.76124 7.84429 -4.21489 
0 0 0 0 0 0 0 25.4219 -8.54262 -12.7047 1.39788 -0.052105 -7.95598 0.800441 -4.50139 13.2459 -6.72203 7.30723 -15.23 -11.5593 -2.17454 
0 0 0 0 0 0 0 -17.8617 6.31762 9.55026 0.84934 -3.80299 9.10877 13.8634 0.240273 -1.94459 20.9681 -6.77948 2.66133 -3.25445 -7.40994 
0 0 0 0 0 0 0 -16.58 2.51048 3.82553 6.30411 -2.49862 8.83495 2.29439 10.9879 -9.25047 8.99528 -1.85089 3.76783 3.63353 6.04342 
0 0 0 0 0 0 0 20.6225 -11.9913 -9.42235 -1.15097 -2.86664 -3.8257 3.13659 0.483623 7.43683 -12.1997 11.9264 -10.3293 -9.54752 -2.64451 
0 0 0 -3.55271e-015 0 0 0 -1.31571 4.15121 0.791427 -3.83698 8.97798 -2.14869 7.55513 0.330812 5.04701 18.3854 -1.82179 -7.09055 -7.1516 -13.1472 
-------------------------
4 -1 -2 3 -3 2 -4 -3 3 4 -1 -2 4 -2 -5 -2 -3 -3 4 3 2 
0 -1.5 -2 4.5 3.5 6 5 4.5 -3.5 -1 -2.5 5 -7 -1 1.5 -4 -1.5 3.5 1 6.5 -2 
0 0 1 7 6 2 4 1 -4 3 -2 -1 -6 -4 2 -9 -6 3 4 12 2 
0 0 0 -61.3333 -55.3333 -32.6667 -48.6667 -29.3333 42.6667 -12.3333 25.3333 -11 69.6667 35 -17.6667 75.6667 56 -35.3333 -28 -106.333 -10.3333 
0 0 0 0 10.4402 8.60326 14.4293 3.84783 -2.86957 -6.65489 -5.6413 20.9429 -15.6386 4.31793 7.4538 -6.19837 7.6087 4.40761 -0.554348 4.94837 -12.5082 
0 0 0 0 0 6.34982 11.6486 15.9063 -1.99792 -7.49896 -3.405 12.4053 -12.9243 1.60672 -4.84253 9.59162 -0.49037 6.23165 -5.68142 -5.69677 -10.0174 
0 0 0 0 0 0 -15.2649 -19.547 0.971963 2.96225 1.7912 -2.31862 15.2175 -5.55718 4.16367 -15.8776 -1.96311 -13.1695 9.42105 8.24705 15.4256 
0 0 0 0 0 0 0 -5.95834 -3.73094 -0.318132 -1.1887 4.99732 -0.704908 -0.12592 1.76918 -7.71399 4.93902 4.0605 -5.95139 0.0206793 -5.44421 
0 0 0 0 0 0 0 0 -14.6578 -3.72065 -10.0875 -1.73767 -5.07273 -14.2754 -2.04079 -23.286 -3.05618 11.8809 -15.8496 2.39481 -1.91531 
0 0 0 0 0 0 0 -8.88178e-016 5.25797 6.74231 13.0831 -3.64253 -5.71327 13.1429 9.11232 14.2781 15.9411 0.515251 1.75362 -7.30912 -8.45284 
0 0 0 0 0 0 0 -1.77636e-015 -5.09932 -15.9769 -2.90417 23.9489 -2.10461 -1.82774 -7.11992 -13.7161 2.69668 1.72816 -18.9897 -11.8084 -1.58453 
0 0 0 0 0 0 0 -1.77636e-015 -25.0551 -6.83575 -4.43927 2.66507 -6.66867 -5.59428 4.79362 -18.4057 -6.49178 23.2868 -21.1929 7.30615 -0.914252 
0 0 0 0 0 0 -8.88178e-016 0 0.564497 -2.74662 -2.38362 1.13399 -5.10675 0.503495 -1.77641 10.4439 -7.91752 -4.87203 -4.29717 -6.15293 13.1479 
0 0 0 0 0 0 0 -1.77636e-015 -14.4484 -0.573367 -6.82708 -4.98976 2.07297 -6.3098 -3.41674 -18.813 -5.18582 9.46418 -13.7724 -0.56382 -7.32356 
0 0 0 0 0 1.77636e-015 0 -1.77636e-015 5.73272 15.5329 8.96572 -21.6093 6.75932 9.57334 -2.21398 13.4617 -6.52276 -6.864 16.2846 7.80077 7.24122 
0 0 0 0 0 0 0 0 -24.4611 -14.0621 -3.67384 21.2695 -10.9635 0.263189 3.04699 -19.6667 14.3508 24.6318 -40.6223 -11.4711 -25.4028 
0 0 0 0 0 0 0 0 17.5021 10.5039 4.41279 -18.7838 11.2219 14.2409 -5.06331 21.1802 6.1621 -18.9519 20.5022 -3.31644 8.91053 
0 0 0 0 0 0 0 0 12.8924 4.71078 9.61184 -16.4044 10.7965 2.64478 6.0649 12.2149 -4.74827 -13.1498 20.3285 3.57598 21.1927 
0 0 0 0 0 0 0 0 -24.9044 -10.5234 -5.26519 14.4296 -6.26547 2.70077 6.60694 -19.2622 4.89481 25.9803 -30.9278 -9.47595 -21.4875 
0 0 0 -3.55271e-015 0 0 0 0 4.97507 0.861676 -3.5745 7.87449 -1.99303 7.58294 -0.0598541 6.75039 17.2948 -2.71842 -5.77637 -7.15617 -11.945 
-------------------------
4 -1 -2 3 -3 2 -4 -3 3 4 -1 -2 4 -2 -5 -2 -3 -3 4 3 2 
0 -1.5 -2 4.5 3.5 6 5 4.5 -3.5 -1 -2.5 5 -7 -1 1.5 -4 -1.5 3.5 1 6.5 -2 
0 0 1 7 6 2 4 1 -4 3 -2 -1 -6 -4 2 -9 -6 3 4 12 2 
0 0 0 -61.3333 -55.3333 -32.6667 -48.6667 -29.3333 42.6667 -12.3333 25.3333 -11 69.6667 35 -17.6667 75.6667 56 -35.3333 -28 -106.333 -10.3333 
0 0 0 0 10.4402 8.60326 14.4293 3.84783 -2.86957 -6.65489 -5.6413 20.9429 -15.6386 4.31793 7.4538 -6.19837 7.6087 4.40761 -0.554348 4.94837 -12.5082 
0 0 0 0 0 6.34982 11.6486 15.9063 -1.99792 -7.49896 -3.405 12.4053 -12.9243 1.60672 -4.84253 9.59162 -0.49037 6.23165 -5.68142 -5.69677 -10.0174 
0 0 0 0 0 0 -15.2649 -19.547 0.971963 2.96225 1.7912 -2.31862 15.2175 -5.55718 4.16367 -15.8776 -1.96311 -13.1695 9.42105 8.24705 15.4256 
0 0 0 0 0 0 0 -5.95834 -3.73094 -0.318132 -1.1887 4.99732 -0.704908 -0.12592 1.76918 -7.71399 4.93902 4.0605 -5.95139 0.0206793 -5.44421 
0 0 0 0 0 0 0 0 -14.6578 -3.72065 -10.0875 -1.73767 -5.07273 -14.2754 -2.04079 -23.286 -3.05618 11.8809 -15.8496 2.39481 -1.91531 
0 0 0 0 0 0 0 -8.88178e-016 0 5.40766 9.46458 -4.26586 -7.53293 8.02213 8.38026 5.92513 14.8448 4.77708 -3.93186 -6.45007 -9.13989 
0 0 0 0 0 0 0 -1.77636e-015 0 -14.6825 0.605169 24.5535 -0.339856 3.13854 -6.40995 -5.61514 3.75989 -2.40508 -13.4757 -12.6415 -0.918213 
0 0 0 0 0 0 0 -1.77636e-015 0 -0.475927 12.8036 5.63533 2.0023 18.8071 8.282 21.3977 -1.26777 2.97849 5.89938 3.21263 2.35965 
0 0 0 0 0 0 -8.88178e-016 0 0 -2.88991 -2.7721 1.06707 -5.30211 -0.0462745 -1.855 9.54709 -8.03522 -4.41447 -4.90756 -6.0607 13.0742 
0 0 0 0 0 0 0 -1.77636e-015 0 3.09413 3.11628 -3.27691 7.07323 7.76167 -1.4051 4.1403 -2.17331 -2.24694 1.85082 -2.92442 -5.43561 
0 0 0 0 0 1.77636e-015 0 -1.77636e-015 0 14.0777 5.02048 -22.2889 4.77536 3.99018 -3.01213 4.35453 -7.71804 -2.21736 10.0858 8.73739 6.49214 
0 0 0 0 0 0 0 0 0 -7.85304 13.1602 24.1693 -2.49815 24.0861 6.45267 19.1931 19.451 4.80497 -14.1723 -15.4675 -22.2065 
0 0 0 0 0 0 0 0 0 6.06132 -7.63211 -20.8586 5.16485 -2.80462 -7.50011 -6.62433 2.51289 -4.76565 1.57706 -0.456928 6.62356 
0 0 0 0 0 0 0 0 0 1.43826 0.739354 -17.9328 6.33472 -9.91122 4.26992 -8.26643 -7.43634 -2.69997 6.38785 5.68235 19.5081 
0 0 0 0 0 0 0 0 0 -4.20186 11.874 17.382 2.35337 26.9555 10.0744 20.302 10.0874 5.79406 -3.9984 -13.5449 -18.2333 
0 0 0 -3.55271e-015 0 0 0 0 0 -0.401163 -6.99832 7.2847 -3.71478 2.73767 -0.752526 -1.15318 16.2575 1.3141 -11.156 -6.34334 -12.5951 
-------------------------
4 -1 -2 3 -3 2 -4 -3 3 4 -1 -2 4 -2 -5 -2 -3 -3 4 3 2 
0 -1.5 -2 4.5 3.5 6 5 4.5 -3.5 -1 -2.5 5 -7 -1 1.5 -4 -1.5 3.5 1 6.5 -2 
0 0 1 7 6 2 4 1 -4 3 -2 -1 -6 -4 2 -9 -6 3 4 12 2 
0 0 0 -61.3333 -55.3333 -32.6667 -48.6667 -29.3333 42.6667 -12.3333 25.3333 -11 69.6667 35 -17.6667 75.6667 56 -35.3333 -28 -106.333 -10.3333 
0 0 0 0 10.4402 8.60326 14.4293 3.84783 -2.86957 -6.65489 -5.6413 20.9429 -15.6386 4.31793 7.4538 -6.19837 7.6087 4.40761 -0.554348 4.94837 -12.5082 
0 0 0 0 0 6.34982 11.6486 15.9063 -1.99792 -7.49896 -3.405 12.4053 -12.9243 1.60672 -4.84253 9.59162 -0.49037 6.23165 -5.68142 -5.69677 -10.0174 
0 0 0 0 0 0 -15.2649 -19.547 0.971963 2.96225 1.7912 -2.31862 15.2175 -5.55718 4.16367 -15.8776 -1.96311 -13.1695 9.42105 8.24705 15.4256 
0 0 0 0 0 0 0 -5.95834 -3.73094 -0.318132 -1.1887 4.99732 -0.704908 -0.12592 1.76918 -7.71399 4.93902 4.0605 -5.95139 0.0206793 -5.44421 
0 0 0 0 0 0 0 0 -14.6578 -3.72065 -10.0875 -1.73767 -5.07273 -14.2754 -2.04079 -23.286 -3.05618 11.8809 -15.8496 2.39481 -1.91531 
0 0 0 0 0 0 0 -8.88178e-016 0 5.40766 9.46458 -4.26586 -7.53293 8.02213 8.38026 5.92513 14.8448 4.77708 -3.93186 -6.45007 -9.13989 
0 0 0 0 0 0 0 -4.18787e-015 0 0 26.3027 12.9711 -20.7927 24.9197 16.3435 10.4723 44.0654 10.5653 -24.1512 -30.1543 -25.7342 
0 0 0 0 0 0 0 -1.85453e-015 0 0 13.6365 5.25989 1.33933 19.5131 9.01955 21.9192 0.0387191 3.39892 5.55334 2.64496 1.55525 
0 0 0 0 0 0 -8.88178e-016 -4.74652e-016 0 0 2.28588 -1.21265 -9.32779 4.24084 2.6235 12.7135 -0.102008 -1.86155 -7.00879 -9.50769 8.18972 
0 0 0 0 0 0 0 -1.26816e-015 0 -4.44089e-016 -2.29912 -0.836091 11.3834 3.17161 -6.20008 0.750092 -10.6671 -4.98026 4.10054 0.766149 -0.205997 
0 0 0 0 0 1.77636e-015 0 5.35834e-016 0 0 -19.6186 -11.1836 24.3858 -16.8938 -24.8284 -11.0703 -46.3634 -14.6535 20.3216 25.5288 30.286 
0 0 0 0 0 0 0 -1.28982e-015 0 0 26.9047 17.9744 -13.4375 35.7359 18.6225 27.7976 41.0087 11.7423 -19.8822 -24.8344 -35.4795 
0 0 0 0 0 0 0 9.95539e-016 0 0 -18.2407 -16.0771 13.6083 -11.7964 -16.8933 -13.2657 -14.1263 -10.1202 5.9842 6.77281 16.8682 
0 0 0 0 0 0 0 2.36226e-016 0 0 -1.77792 -16.7982 8.33823 -12.0448 2.04104 -9.84232 -11.3846 -3.97052 7.43359 7.39786 21.939 
0 0 0 0 0 0 0 -6.90132e-016 0 0 19.2281 14.0674 -3.49986 33.1888 16.586 24.9059 21.6221 9.50594 -7.05354 -18.5567 -25.3352 
0 0 0 -3.55271e-015 0 0 0 -6.58887e-017 0 0 -6.2962 6.96824 -4.27361 3.33279 -0.130843 -0.713631 17.3587 1.66848 -11.4476 -6.82183 -13.2731 
-------------------------
4 -1 -2 3 -3 2 -4 -3 3 4 -1 -2 4 -2 -5 -2 -3 -3 4 3 2 
0 -1.5 -2 4.5 3.5 6 5 4.5 -3.5 -1 -2.5 5 -7 -1 1.5 -4 -1.5 3.5 1 6.5 -2 
0 0 1 7 6 2 4 1 -4 3 -2 -1 -6 -4 2 -9 -6 3 4 12 2 
0 0 0 -61.3333 -55.3333 -32.6667 -48.6667 -29.3333 42.6667 -12.3333 25.3333 -11 69.6667 35 -17.6667 75.6667 56 -35.3333 -28 -106.333 -10.3333 
0 0 0 0 10.4402 8.60326 14.4293 3.84783 -2.86957 -6.65489 -5.6413 20.9429 -15.6386 4.31793 7.4538 -6.19837 7.6087 4.40761 -0.554348 4.94837 -12.5082 
0 0 0 0 0 6.34982 11.6486 15.9063 -1.99792 -7.49896 -3.405 12.4053 -12.9243 1.60672 -4.84253 9.59162 -0.49037 6.23165 -5.68142 -5.69677 -10.0174 
0 0 0 0 0 0 -15.2649 -19.547 0.971963 2.96225 1.7912 -2.31862 15.2175 -5.55718 4.16367 -15.8776 -1.96311 -13.1695 9.42105 8.24705 15.4256 
0 0 0 0 0 0 0 -5.95834 -3.73094 -0.318132 -1.1887 4.99732 -0.704908 -0.12592 1.76918 -7.71399 4.93902 4.0605 -5.95139 0.0206793 -5.44421 
0 0 0 0 0 0 0 0 -14.6578 -3.72065 -10.0875 -1.73767 -5.07273 -14.2754 -2.04079 -23.286 -3.05618 11.8809 -15.8496 2.39481 -1.91531 
0 0 0 0 0 0 0 -8.88178e-016 0 5.40766 9.46458 -4.26586 -7.53293 8.02213 8.38026 5.92513 14.8448 4.77708 -3.93186 -6.45007 -9.13989 
0 0 0 0 0 0 0 -4.18787e-015 0 0 26.3027 12.9711 -20.7927 24.9197 16.3435 10.4723 44.0654 10.5653 -24.1512 -30.1543 -25.7342 
0 0 0 0 0 0 0 3.1666e-016 0 0 0 -1.46492 12.1192 6.59367 0.546317 16.4898 -22.8068 -2.07861 18.0744 18.2783 14.897 
0 0 0 0 0 0 -8.88178e-016 -1.10699e-016 0 0 0 -2.33992 -7.52077 2.07516 1.20314 11.8034 -3.93157 -2.77975 -4.90989 -6.88709 10.4262 
0 0 0 0 0 0 0 -1.63422e-015 0 -4.44089e-016 0 0.297712 9.56589 5.34983 -4.77149 1.66548 -6.81537 -4.05675 1.98948 -1.86963 -2.45542 
0 0 0 0 0 1.77636e-015 0 -2.58781e-015 0 0 0 -1.50874 8.87696 1.69323 -12.6381 -3.25924 -13.496 -6.77308 2.30768 3.03742 11.0914 
0 0 0 0 0 0 0 2.99391e-015 0 0 0 4.70644 7.83108 10.2459 1.90495 17.0856 -4.06523 0.935163 4.82178 6.01003 -9.15639 
0 0 0 0 0 0 0 -1.90872e-015 0 0 0 -7.08178 -0.811255 5.48515 -5.55923 -6.00317 16.4327 -2.79321 -10.7645 -14.1389 -0.978213 
0 0 0 0 0 0 0 -4.68504e-017 0 0 0 -15.9214 6.93276 -10.3604 3.14577 -9.13445 -8.406 -3.25636 5.80111 5.3596 20.1995 
0 0 0 0 0 0 0 2.37134e-015 0 0 0 4.58509 11.7003 14.9718 4.63833 17.2503 -10.5911 1.78237 10.6018 3.48704 -6.52267 
0 0 0 -3.55271e-015 0 0 0 -1.06836e-015 0 0 0 10.0732 -9.25085 9.29791 3.78138 1.79318 27.9068 4.19754 -17.2288 -14.04 -19.4332 
-------------------------
4 -1 -2 3 -3 2 -4 -3 3 4 -1 -2 4 -2 -5 -2 -3 -3 4 3 2 
0 -1.5 -2 4.5 3.5 6 5 4.5 -3.5 -1 -2.5 5 -7 -1 1.5 -4 -1.5 3.5 1 6.5 -2 
0 0 1 7 6 2 4 1 -4 3 -2 -1 -6 -4 2 -9 -6 3 4 12 2 
0 0 0 -61.3333 -55.3333 -32.6667 -48.6667 -29.3333 42.6667 -12.3333 25.3333 -11 69.6667 35 -17.6667 75.6667 56 -35.3333 -28 -106.333 -10.3333 
0 0 0 0 10.4402 8.60326 14.4293 3.84783 -2.86957 -6.65489 -5.6413 20.9429 -15.6386 4.31793 7.4538 -6.19837 7.6087 4.40761 -0.554348 4.94837 -12.5082 
0 0 0 0 0 6.34982 11.6486 15.9063 -1.99792 -7.49896 -3.405 12.4053 -12.9243 1.60672 -4.84253 9.59162 -0.49037 6.23165 -5.68142 -5.69677 -10.0174 
0 0 0 0 0 0 -15.2649 -19.547 0.971963 2.96225 1.7912 -2.31862 15.2175 -5.55718 4.16367 -15.8776 -1.96311 -13.1695 9.42105 8.24705 15.4256 
0 0 0 0 0 0 0 -5.95834 -3.73094 -0.318132 -1.1887 4.99732 -0.704908 -0.12592 1.76918 -7.71399 4.93902 4.0605 -5.95139 0.0206793 -5.44421 
0 0 0 0 0 0 0 0 -14.6578 -3.72065 -10.0875 -1.73767 -5.07273 -14.2754 -2.04079 -23.286 -3.05618 11.8809 -15.8496 2.39481 -1.91531 
0 0 0 0 0 0 0 -8.88178e-016 0 5.40766 9.46458 -4.26586 -7.53293 8.02213 8.38026 5.92513 14.8448 4.77708 -3.93186 -6.45007 -9.13989 
0 0 0 0 0 0 0 -4.18787e-015 0 0 26.3027 12.9711 -20.7927 24.9197 16.3435 10.4723 44.0654 10.5653 -24.1512 -30.1543 -25.7342 
0 0 0 0 0 0 0 3.1666e-016 0 0 0 -1.46492 12.1192 6.59367 0.546317 16.4898 -22.8068 -2.07861 18.0744 18.2783 14.897 
0 0 0 0 0 0 -8.88178e-016 -6.165e-016 0 0 0 0 -26.8788 -8.45693 0.330506 -14.5359 32.4978 0.540424 -33.7803 -36.0831 -13.3689 
0 0 0 0 0 0 0 -1.56987e-015 0 -4.44089e-016 0 0 12.0289 6.68985 -4.66047 5.01667 -11.4503 -4.47918 5.6627 1.84502 0.572066 
0 0 0 0 0 1.77636e-015 0 -2.91394e-015 0 0 0 0 -3.60478 -5.09768 -13.2008 -20.2423 9.99301 -4.63229 -16.3074 -15.7876 -4.25123 
0 0 0 0 0 0 0 4.01126e-015 0 0 0 0 46.7672 31.4298 3.66014 70.0635 -77.338 -5.74292 62.8907 64.7339 38.7042 
0 0 0 0 0 0 0 -3.43953e-015 0 0 0 8.88178e-016 -59.3985 -26.3903 -8.20026 -85.7191 126.686 7.2553 -98.1408 -102.501 -72.9941 
0 0 0 0 0 0 0 -3.48845e-015 0 0 0 0 -124.784 -82.0235 -2.79186 -188.354 239.469 19.3349 -190.64 -193.297 -141.708 
0 0 0 0 0 0 0 3.36246e-015 0 0 0 0 49.6325 35.6094 6.34826 68.8622 -81.9746 -4.72352 67.1734 60.6967 40.1039 
0 0 0 -3.55271e-015 0 0 0 1.10908e-015 0 0 0 0 74.0842 54.6378 7.53801 115.182 -128.919 -10.0955 107.056 111.647 83.0027 
-------------------------
4 -1 -2 3 -3 2 -4 -3 3 4 -1 -2 4 -2 -5 -2 -3 -3 4 3 2 
0 -1.5 -2 4.5 3.5 6 5 4.5 -3.5 -1 -2.5 5 -7 -1 1.5 -4 -1.5 3.5 1 6.5 -2 
0 0 1 7 6 2 4 1 -4 3 -2 -1 -6 -4 2 -9 -6 3 4 12 2 
0 0 0 -61.3333 -55.3333 -32.6667 -48.6667 -29.3333 42.6667 -12.3333 25.3333 -11 69.6667 35 -17.6667 75.6667 56 -35.3333 -28 -106.333 -10.3333 
0 0 0 0 10.4402 8.60326 14.4293 3.84783 -2.86957 -6.65489 -5.6413 20.9429 -15.6386 4.31793 7.4538 -6.19837 7.6087 4.40761 -0.554348 4.94837 -12.5082 
0 0 0 0 0 6.34982 11.6486 15.9063 -1.99792 -7.49896 -3.405 12.4053 -12.9243 1.60672 -4.84253 9.59162 -0.49037 6.23165 -5.68142 -5.69677 -10.0174 
0 0 0 0 0 0 -15.2649 -19.547 0.971963 2.96225 1.7912 -2.31862 15.2175 -5.55718 4.16367 -15.8776 -1.96311 -13.1695 9.42105 8.24705 15.4256 
0 0 0 0 0 0 0 -5.95834 -3.73094 -0.318132 -1.1887 4.99732 -0.704908 -0.12592 1.76918 -7.71399 4.93902 4.0605 -5.95139 0.0206793 -5.44421 
0 0 0 0 0 0 0 0 -14.6578 -3.72065 -10.0875 -1.73767 -5.07273 -14.2754 -2.04079 -23.286 -3.05618 11.8809 -15.8496 2.39481 -1.91531 
0 0 0 0 0 0 0 -8.88178e-016 0 5.40766 9.46458 -4.26586 -7.53293 8.02213 8.38026 5.92513 14.8448 4.77708 -3.93186 -6.45007 -9.13989 
0 0 0 0 0 0 0 -4.18787e-015 0 0 26.3027 12.9711 -20.7927 24.9197 16.3435 10.4723 44.0654 10.5653 -24.1512 -30.1543 -25.7342 
0 0 0 0 0 0 0 3.1666e-016 0 0 0 -1.46492 12.1192 6.59367 0.546317 16.4898 -22.8068 -2.07861 18.0744 18.2783 14.897 
0 0 0 0 0 0 -8.88178e-016 -6.165e-016 0 0 0 0 -26.8788 -8.45693 0.330506 -14.5359 32.4978 0.540424 -33.7803 -36.0831 -13.3689 
0 0 0 0 0 0 -3.97479e-016 -1.84577e-015 0 -4.44089e-016 0 0 0 2.90519 -4.51256 -1.48844 3.09311 -4.23733 -9.45468 -14.3029 -5.41079 
0 0 0 0 0 1.77636e-015 1.19116e-016 -2.83126e-015 0 0 0 0 0 -3.9635 -13.2451 -18.2929 5.63467 -4.70477 -11.7771 -10.9485 -2.4583 
0 0 0 0 0 0 -1.54537e-015 2.93859e-015 0 0 0 0 0 16.7153 4.2352 44.7722 -20.7942 -4.80262 4.11544 1.95189 15.4433 
0 0 0 0 0 0 1.96275e-015 -2.07715e-015 0 0 0 8.88178e-016 7.10543e-015 -7.70162 -8.93063 -53.5969 54.8707 6.06104 -23.4911 -22.7621 -43.4507 
0 0 0 0 0 0 4.12335e-015 -6.26362e-016 0 0 0 0 -1.42109e-014 -42.7623 -4.32623 -120.871 88.5983 16.826 -33.8161 -25.7824 -79.6434 
0 0 0 0 0 0 -1.64005e-015 2.22407e-015 0 0 0 0 0 19.9935 6.95855 42.0214 -21.9666 -3.72561 4.79725 -5.93167 15.4179 
0 0 0 -3.55271e-015 0 0 -2.44802e-015 -5.90136e-016 0 0 0 0 0 31.3286 8.44896 75.1177 -39.3476 -8.60602 13.9499 12.1934 46.1551 
-------------------------
4 -1 -2 3 -3 2 -4 -3 3 4 -1 -2 4 -2 -5 -2 -3 -3 4 3 2 
0 -1.5 -2 4.5 3.5 6 5 4.5 -3.5 -1 -2.5 5 -7 -1 1.5 -4 -1.5 3.5 1 6.5 -2 
0 0 1 7 6 2 4 1 -4 3 -2 -1 -6 -4 2 -9 -6 3 4 12 2 
0 0 0 -61.3333 -55.3333 -32.6667 -48.6667 -29.3333 42.6667 -12.3333 25.3333 -11 69.6667 35 -17.6667 75.6667 56 -35.3333 -28 -106.333 -10.3333 
0 0 0 0 10.4402 8.60326 14.4293 3.84783 -2.86957 -6.65489 -5.6413 20.9429 -15.6386 4.31793 7.4538 -6.19837 7.6087 4.40761 -0.554348 4.94837 -12.5082 
0 0 0 0 0 6.34982 11.6486 15.9063 -1.99792 -7.49896 -3.405 12.4053 -12.9243 1.60672 -4.84253 9.59162 -0.49037 6.23165 -5.68142 -5.69677 -10.0174 
0 0 0 0 0 0 -15.2649 -19.547 0.971963 2.96225 1.7912 -2.31862 15.2175 -5.55718 4.16367 -15.8776 -1.96311 -13.1695 9.42105 8.24705 15.4256 
0 0 0 0 0 0 0 -5.95834 -3.73094 -0.318132 -1.1887 4.99732 -0.704908 -0.12592 1.76918 -7.71399 4.93902 4.0605 -5.95139 0.0206793 -5.44421 
0 0 0 0 0 0 0 0 -14.6578 -3.72065 -10.0875 -1.73767 -5.07273 -14.2754 -2.04079 -23.286 -3.05618 11.8809 -15.8496 2.39481 -1.91531 
0 0 0 0 0 0 0 -8.88178e-016 0 5.40766 9.46458 -4.26586 -7.53293 8.02213 8.38026 5.92513 14.8448 4.77708 -3.93186 -6.45007 -9.13989 
0 0 0 0 0 0 0 -4.18787e-015 0 0 26.3027 12.9711 -20.7927 24.9197 16.3435 10.4723 44.0654 10.5653 -24.1512 -30.1543 -25.7342 
0 0 0 0 0 0 0 3.1666e-016 0 0 0 -1.46492 12.1192 6.59367 0.546317 16.4898 -22.8068 -2.07861 18.0744 18.2783 14.897 
0 0 0 0 0 0 -8.88178e-016 -6.165e-016 0 0 0 0 -26.8788 -8.45693 0.330506 -14.5359 32.4978 0.540424 -33.7803 -36.0831 -13.3689 
0 0 0 0 0 0 -3.97479e-016 -1.84577e-015 0 -4.44089e-016 0 0 0 2.90519 -4.51256 -1.48844 3.09311 -4.23733 -9.45468 -14.3029 -5.41079 
0 0 0 0 0 1.77636e-015 -4.23158e-016 -5.34941e-015 0 -6.05863e-016 0 0 0 0 -19.4015 -20.3236 9.85454 -10.4857 -24.6759 -30.4617 -9.84015 
0 0 0 0 0 0 7.4157e-016 1.35584e-014 0 2.55511e-015 0 0 0 0 30.1987 53.336 -38.5907 19.5773 58.514 84.2453 46.5749 
0 0 0 0 0 0 9.09041e-016 -6.97026e-015 0 -1.17727e-015 0 8.88178e-016 7.10543e-015 -8.88178e-016 -20.8934 -57.5427 63.0705 -5.17207 -48.5553 -60.679 -57.7946 
0 0 0 0 0 0 -1.72726e-015 -2.77948e-014 0 -6.53668e-015 0 0 -1.42109e-014 0 -70.7479 -142.78 134.127 -45.5445 -172.982 -236.311 -159.286 
0 0 0 0 0 0 1.0954e-015 1.49266e-014 0 3.05622e-015 0 0 0 0 38.0139 52.2648 -43.2533 25.4357 69.8643 92.5009 52.6549 
0 0 0 -3.55271e-015 0 0 1.83825e-015 1.9314e-014 0 4.78891e-015 0 0 0 0 57.1108 91.1685 -72.7025 37.0879 115.906 166.431 104.503 
-------------------------
4 -1 -2 3 -3 2 -4 -3 3 4 -1 -2 4 -2 -5 -2 -3 -3 4 3 2 
0 -1.5 -2 4.5 3.5 6 5 4.5 -3.5 -1 -2.5 5 -7 -1 1.5 -4 -1.5 3.5 1 6.5 -2 
0 0 1 7 6 2 4 1 -4 3 -2 -1 -6 -4 2 -9 -6 3 4 12 2 
0 0 0 -61.3333 -55.3333 -32.6667 -48.6667 -29.3333 42.6667 -12.3333 25.3333 -11 69.6667 35 -17.6667 75.6667 56 -35.3333 -28 -106.333 -10.3333 
0 0 0 0 10.4402 8.60326 14.4293 3.84783 -2.86957 -6.65489 -5.6413 20.9429 -15.6386 4.31793 7.4538 -6.19837 7.6087 4.40761 -0.554348 4.94837 -12.5082 
0 0 0 0 0 6.34982 11.6486 15.9063 -1.99792 -7.49896 -3.405 12.4053 -12.9243 1.60672 -4.84253 9.59162 -0.49037 6.23165 -5.68142 -5.69677 -10.0174 
0 0 0 0 0 0 -15.2649 -19.547 0.971963 2.96225 1.7912 -2.31862 15.2175 -5.55718 4.16367 -15.8776 -1.96311 -13.1695 9.42105 8.24705 15.4256 
0 0 0 0 0 0 0 -5.95834 -3.73094 -0.318132 -1.1887 4.99732 -0.704908 -0.12592 1.76918 -7.71399 4.93902 4.0605 -5.95139 0.0206793 -5.44421 
0 0 0 0 0 0 0 0 -14.6578 -3.72065 -10.0875 -1.73767 -5.07273 -14.2754 -2.04079 -23.286 -3.05618 11.8809 -15.8496 2.39481 -1.91531 
0 0 0 0 0 0 0 -8.88178e-016 0 5.40766 9.46458 -4.26586 -7.53293 8.02213 8.38026 5.92513 14.8448 4.77708 -3.93186 -6.45007 -9.13989 
0 0 0 0 0 0 0 -4.18787e-015 0 0 26.3027 12.9711 -20.7927 24.9197 16.3435 10.4723 44.0654 10.5653 -24.1512 -30.1543 -25.7342 
0 0 0 0 0 0 0 3.1666e-016 0 0 0 -1.46492 12.1192 6.59367 0.546317 16.4898 -22.8068 -2.07861 18.0744 18.2783 14.897 
0 0 0 0 0 0 -8.88178e-016 -6.165e-016 0 0 0 0 -26.8788 -8.45693 0.330506 -14.5359 32.4978 0.540424 -33.7803 -36.0831 -13.3689 
0 0 0 0 0 0 -3.97479e-016 -1.84577e-015 0 -4.44089e-016 0 0 0 2.90519 -4.51256 -1.48844 3.09311 -4.23733 -9.45468 -14.3029 -5.41079 
0 0 0 0 0 1.77636e-015 -4.23158e-016 -5.34941e-015 0 -6.05863e-016 0 0 0 0 -19.4015 -20.3236 9.85454 -10.4857 -24.6759 -30.4617 -9.84015 
0 0 0 0 0 2.76492e-015 8.29198e-017 5.232e-015 0 1.61208e-015 0 0 0 0 0 21.7022 -23.252 3.25624 20.1056 36.8314 31.2586 
0 0 0 0 0 -1.91295e-015 1.36474e-015 -1.20951e-015 0 -5.24825e-016 0 8.88178e-016 7.10543e-015 -8.88178e-016 -3.55271e-015 -35.6564 52.4582 6.11989 -21.982 -27.875 -47.1978 
0 0 0 0 0 -6.4775e-015 -1.84205e-016 -8.28807e-015 0 -4.32739e-015 0 0 -1.42109e-014 0 0 -68.6699 98.192 -7.30831 -83.0013 -125.232 -123.404 
0 0 0 0 0 3.48046e-015 2.66294e-016 4.44539e-015 0 1.86913e-015 0 0 0 0 0 12.4443 -23.945 4.89077 21.5161 32.8165 33.3748 
0 0 0 -3.55271e-015 0 5.22893e-015 5.92633e-016 3.56732e-015 0 3.00547e-015 0 0 0 0 -7.10543e-015 31.3436 -43.6945 6.22197 43.2692 76.7634 75.5375 
-------------------------
4 -1 -2 3 -3 2 -4 -3 3 4 -1 -2 4 -2 -5 -2 -3 -3 4 3 2 
0 -1.5 -2 4.5 3.5 6 5 4.5 -3.5 -1 -2.5 5 -7 -1 1.5 -4 -1.5 3.5 1 6.5 -2 
0 0 1 7 6 2 4 1 -4 3 -2 -1 -6 -4 2 -9 -6 3 4 12 2 
0 0 0 -61.3333 -55.3333 -32.6667 -48.6667 -29.3333 42.6667 -12.3333 25.3333 -11 69.6667 35 -17.6667 75.6667 56 -35.3333 -28 -106.333 -10.3333 
0 0 0 0 10.4402 8.60326 14.4293 3.84783 -2.86957 -6.65489 -5.6413 20.9429 -15.6386 4.31793 7.4538 -6.19837 7.6087 4.40761 -0.554348 4.94837 -12.5082 
0 0 0 0 0 6.34982 11.6486 15.9063 -1.99792 -7.49896 -3.405 12.4053 -12.9243 1.60672 -4.84253 9.59162 -0.49037 6.23165 -5.68142 -5.69677 -10.0174 
0 0 0 0 0 0 -15.2649 -19.547 0.971963 2.96225 1.7912 -2.31862 15.2175 -5.55718 4.16367 -15.8776 -1.96311 -13.1695 9.42105 8.24705 15.4256 
0 0 0 0 0 0 0 -5.95834 -3.73094 -0.318132 -1.1887 4.99732 -0.704908 -0.12592 1.76918 -7.71399 4.93902 4.0605 -5.95139 0.0206793 -5.44421 
0 0 0 0 0 0 0 0 -14.6578 -3.72065 -10.0875 -1.73767 -5.07273 -14.2754 -2.04079 -23.286 -3.05618 11.8809 -15.8496 2.39481 -1.91531 
0 0 0 0 0 0 0 -8.88178e-016 0 5.40766 9.46458 -4.26586 -7.53293 8.02213 8.38026 5.92513 14.8448 4.77708 -3.93186 -6.45007 -9.13989 
0 0 0 0 0 0 0 -4.18787e-015 0 0 26.3027 12.9711 -20.7927 24.9197 16.3435 10.4723 44.0654 10.5653 -24.1512 -30.1543 -25.7342 
0 0 0 0 0 0 0 3.1666e-016 0 0 0 -1.46492 12.1192 6.59367 0.546317 16.4898 -22.8068 -2.07861 18.0744 18.2783 14.897 
0 0 0 0 0 0 -8.88178e-016 -6.165e-016 0 0 0 0 -26.8788 -8.45693 0.330506 -14.5359 32.4978 0.540424 -33.7803 -36.0831 -13.3689 
0 0 0 0 0 0 -3.97479e-016 -1.84577e-015 0 -4.44089e-016 0 0 0 2.90519 -4.51256 -1.48844 3.09311 -4.23733 -9.45468 -14.3029 -5.41079 
0 0 0 0 0 1.77636e-015 -4.23158e-016 -5.34941e-015 0 -6.05863e-016 0 0 0 0 -19.4015 -20.3236 9.85454 -10.4857 -24.6759 -30.4617 -9.84015 
0 0 0 0 0 2.76492e-015 8.29198e-017 5.232e-015 0 1.61208e-015 0 0 0 0 0 21.7022 -23.252 3.25624 20.1056 36.8314 31.2586 
0 0 0 0 0 2.62978e-015 1.50097e-015 7.38659e-015 0 2.1238e-015 0 8.88178e-016 7.10543e-015 -8.88178e-016 -3.55271e-015 0 14.2554 11.4698 11.0513 32.6384 4.15955 
0 0 0 0 0 2.27122e-015 7.81695e-017 8.26697e-015 0 7.73541e-016 0 0 -1.42109e-014 0 0 0 24.6182 2.99504 -19.3833 -8.69105 -24.4962 
0 0 0 0 0 1.89503e-015 2.18747e-016 1.4453e-015 0 9.44747e-016 0 0 0 0 0 0 -10.612 3.02361 9.98727 11.697 15.4508 
0 0 0 -3.55271e-015 0 1.23568e-015 4.72876e-016 -3.98903e-015 0 6.77209e-016 0 0 0 0 -7.10543e-015 -3.55271e-015 -10.1126 1.51912 14.2316 23.5695 30.392 
-------------------------
4 -1 -2 3 -3 2 -4 -3 3 4 -1 -2 4 -2 -5 -2 -3 -3 4 3 2 
0 -1.5 -2 4.5 3.5 6 5 4.5 -3.5 -1 -2.5 5 -7 -1 1.5 -4 -1.5 3.5 1 6.5 -2 
0 0 1 7 6 2 4 1 -4 3 -2 -1 -6 -4 2 -9 -6 3 4 12 2 
0 0 0 -61.3333 -55.3333 -32.6667 -48.6667 -29.3333 42.6667 -12.3333 25.3333 -11 69.6667 35 -17.6667 75.6667 56 -35.3333 -28 -106.333 -10.3333 
0 0 0 0 10.4402 8.60326 14.4293 3.84783 -2.86957 -6.65489 -5.6413 20.9429 -15.6386 4.31793 7.4538 -6.19837 7.6087 4.40761 -0.554348 4.94837 -12.5082 
0 0 0 0 0 6.34982 11.6486 15.9063 -1.99792 -7.49896 -3.405 12.4053 -12.9243 1.60672 -4.84253 9.59162 -0.49037 6.23165 -5.68142 -5.69677 -10.0174 
0 0 0 0 0 0 -15.2649 -19.547 0.971963 2.96225 1.7912 -2.31862 15.2175 -5.55718 4.16367 -15.8776 -1.96311 -13.1695 9.42105 8.24705 15.4256 
0 0 0 0 0 0 0 -5.95834 -3.73094 -0.318132 -1.1887 4.99732 -0.704908 -0.12592 1.76918 -7.71399 4.93902 4.0605 -5.95139 0.0206793 -5.44421 
0 0 0 0 0 0 0 0 -14.6578 -3.72065 -10.0875 -1.73767 -5.07273 -14.2754 -2.04079 -23.286 -3.05618 11.8809 -15.8496 2.39481 -1.91531 
0 0 0 0 0 0 0 -8.88178e-016 0 5.40766 9.46458 -4.26586 -7.53293 8.02213 8.38026 5.92513 14.8448 4.77708 -3.93186 -6.45007 -9.13989 
0 0 0 0 0 0 0 -4.18787e-015 0 0 26.3027 12.9711 -20.7927 24.9197 16.3435 10.4723 44.0654 10.5653 -24.1512 -30.1543 -25.7342 
0 0 0 0 0 0 0 3.1666e-016 0 0 0 -1.46492 12.1192 6.59367 0.546317 16.4898 -22.8068 -2.07861 18.0744 18.2783 14.897 
0 0 0 0 0 0 -8.88178e-016 -6.165e-016 0 0 0 0 -26.8788 -8.45693 0.330506 -14.5359 32.4978 0.540424 -33.7803 -36.0831 -13.3689 
0 0 0 0 0 0 -3.97479e-016 -1.84577e-015 0 -4.44089e-016 0 0 0 2.90519 -4.51256 -1.48844 3.09311 -4.23733 -9.45468 -14.3029 -5.41079 
0 0 0 0 0 1.77636e-015 -4.23158e-016 -5.34941e-015 0 -6.05863e-016 0 0 0 0 -19.4015 -20.3236 9.85454 -10.4857 -24.6759 -30.4617 -9.84015 
0 0 0 0 0 2.76492e-015 8.29198e-017 5.232e-015 0 1.61208e-015 0 0 0 0 0 21.7022 -23.252 3.25624 20.1056 36.8314 31.2586 
0 0 0 0 0 2.62978e-015 1.50097e-015 7.38659e-015 0 2.1238e-015 0 8.88178e-016 7.10543e-015 -8.88178e-016 -3.55271e-015 0 14.2554 11.4698 11.0513 32.6384 4.15955 
0 0 0 0 0 -2.27022e-015 -2.51391e-015 -4.48916e-015 0 -2.89412e-015 0 -1.53382e-015 -2.64814e-014 1.53382e-015 6.13529e-015 0 0 -16.8126 -38.468 -65.0553 -31.6794 
0 0 0 0 0 3.85269e-015 1.3361e-015 6.94403e-015 0 2.52575e-015 0 6.61179e-016 5.28943e-015 -6.61179e-016 -2.64471e-015 0 0 11.562 18.2141 35.9937 18.5472 
0 0 0 -3.55271e-015 0 3.1012e-015 1.53764e-015 1.25089e-015 0 2.1838e-015 0 6.30059e-016 5.04047e-015 -6.30059e-016 -9.62566e-015 -3.55271e-015 0 9.65564 22.0711 46.7226 33.3428 
-------------------------
4 -1 -2 3 -3 2 -4 -3 3 4 -1 -2 4 -2 -5 -2 -3 -3 4 3 2 
0 -1.5 -2 4.5 3.5 6 5 4.5 -3.5 -1 -2.5 5 -7 -1 1.5 -4 -1.5 3.5 1 6.5 -2 
0 0 1 7 6 2 4 1 -4 3 -2 -1 -6 -4 2 -9 -6 3 4 12 2 
0 0 0 -61.3333 -55.3333 -32.6667 -48.6667 -29.3333 42.6667 -12.3333 25.3333 -11 69.6667 35 -17.6667 75.6667 56 -35.3333 -28 -106.333 -10.3333 
0 0 0 0 10.4402 8.60326 14.4293 3.84783 -2.86957 -6.65489 -5.6413 20.9429 -15.6386 4.31793 7.4538 -6.19837 7.6087 4.40761 -0.554348 4.94837 -12.5082 
0 0 0 0 0 6.34982 11.6486 15.9063 -1.99792 -7.49896 -3.405 12.4053 -12.9243 1.60672 -4.84253 9.59162 -0.49037 6.23165 -5.68142 -5.69677 -10.0174 
0 0 0 0 0 0 -15.2649 -19.547 0.971963 2.96225 1.7912 -2.31862 15.2175 -5.55718 4.16367 -15.8776 -1.96311 -13.1695 9.42105 8.24705 15.4256 
0 0 0 0 0 0 0 -5.95834 -3.73094 -0.318132 -1.1887 4.99732 -0.704908 -0.12592 1.76918 -7.71399 4.93902 4.0605 -5.95139 0.0206793 -5.44421 
0 0 0 0 0 0 0 0 -14.6578 -3.72065 -10.0875 -1.73767 -5.07273 -14.2754 -2.04079 -23.286 -3.05618 11.8809 -15.8496 2.39481 -1.91531 
0 0 0 0 0 0 0 -8.88178e-016 0 5.40766 9.46458 -4.26586 -7.53293 8.02213 8.38026 5.92513 14.8448 4.77708 -3.93186 -6.45007 -9.13989 
0 0 0 0 0 0 0 -4.18787e-015 0 0 26.3027 12.9711 -20.7927 24.9197 16.3435 10.4723 44.0654 10.5653 -24.1512 -30.1543 -25.7342 
0 0 0 0 0 0 0 3.1666e-016 0 0 0 -1.46492 12.1192 6.59367 0.546317 16.4898 -22.8068 -2.07861 18.0744 18.2783 14.897 
0 0 0 0 0 0 -8.88178e-016 -6.165e-016 0 0 0 0 -26.8788 -8.45693 0.330506 -14.5359 32.4978 0.540424 -33.7803 -36.0831 -13.3689 
0 0 0 0 0 0 -3.97479e-016 -1.84577e-015 0 -4.44089e-016 0 0 0 2.90519 -4.51256 -1.48844 3.09311 -4.23733 -9.45468 -14.3029 -5.41079 
0 0 0 0 0 1.77636e-015 -4.23158e-016 -5.34941e-015 0 -6.05863e-016 0 0 0 0 -19.4015 -20.3236 9.85454 -10.4857 -24.6759 -30.4617 -9.84015 
0 0 0 0 0 2.76492e-015 8.29198e-017 5.232e-015 0 1.61208e-015 0 0 0 0 0 21.7022 -23.252 3.25624 20.1056 36.8314 31.2586 
0 0 0 0 0 2.62978e-015 1.50097e-015 7.38659e-015 0 2.1238e-015 0 8.88178e-016 7.10543e-015 -8.88178e-016 -3.55271e-015 0 14.2554 11.4698 11.0513 32.6384 4.15955 
0 0 0 0 0 -2.27022e-015 -2.51391e-015 -4.48916e-015 0 -2.89412e-015 0 -1.53382e-015 -2.64814e-014 1.53382e-015 6.13529e-015 0 0 -16.8126 -38.468 -65.0553 -31.6794 
0 0 0 0 0 2.29146e-015 -3.92709e-016 3.85684e-015 0 5.35467e-016 0 -3.9363e-016 -1.29218e-014 3.9363e-016 1.57452e-015 0 0 0 -8.24037 -8.74479 -3.23866 
0 0 0 -3.55271e-015 0 1.79738e-015 9.38788e-017 -1.32727e-015 0 5.21678e-016 0 -2.50831e-016 -1.01681e-014 2.50831e-016 -6.1021e-015 -3.55271e-015 0 0 -0.0214467 9.36068 15.149 
-------------------------
4 -1 -2 3 -3 2 -4 -3 3 4 -1 -2 4 -2 -5 -2 -3 -3 4 3 2 
0 -1.5 -2 4.5 3.5 6 5 4.5 -3.5 -1 -2.5 5 -7 -1 1.5 -4 -1.5 3.5 1 6.5 -2 
0 0 1 7 6 2 4 1 -4 3 -2 -1 -6 -4 2 -9 -6 3 4 12 2 
0 0 0 -61.3333 -55.3333 -32.6667 -48.6667 -29.3333 42.6667 -12.3333 25.3333 -11 69.6667 35 -17.6667 75.6667 56 -35.3333 -28 -106.333 -10.3333 
0 0 0 0 10.4402 8.60326 14.4293 3.84783 -2.86957 -6.65489 -5.6413 20.9429 -15.6386 4.31793 7.4538 -6.19837 7.6087 4.40761 -0.554348 4.94837 -12.5082 
0 0 0 0 0 6.34982 11.6486 15.9063 -1.99792 -7.49896 -3.405 12.4053 -12.9243 1.60672 -4.84253 9.59162 -0.49037 6.23165 -5.68142 -5.69677 -10.0174 
0 0 0 0 0 0 -15.2649 -19.547 0.971963 2.96225 1.7912 -2.31862 15.2175 -5.55718 4.16367 -15.8776 -1.96311 -13.1695 9.42105 8.24705 15.4256 
0 0 0 0 0 0 0 -5.95834 -3.73094 -0.318132 -1.1887 4.99732 -0.704908 -0.12592 1.76918 -7.71399 4.93902 4.0605 -5.95139 0.0206793 -5.44421 
0 0 0 0 0 0 0 0 -14.6578 -3.72065 -10.0875 -1.73767 -5.07273 -14.2754 -2.04079 -23.286 -3.05618 11.8809 -15.8496 2.39481 -1.91531 
0 0 0 0 0 0 0 -8.88178e-016 0 5.40766 9.46458 -4.26586 -7.53293 8.02213 8.38026 5.92513 14.8448 4.77708 -3.93186 -6.45007 -9.13989 
0 0 0 0 0 0 0 -4.18787e-015 0 0 26.3027 12.9711 -20.7927 24.9197 16.3435 10.4723 44.0654 10.5653 -24.1512 -30.1543 -25.7342 
0 0 0 0 0 0 0 3.1666e-016 0 0 0 -1.46492 12.1192 6.59367 0.546317 16.4898 -22.8068 -2.07861 18.0744 18.2783 14.897 
0 0 0 0 0 0 -8.88178e-016 -6.165e-016 0 0 0 0 -26.8788 -8.45693 0.330506 -14.5359 32.4978 0.540424 -33.7803 -36.0831 -13.3689 
0 0 0 0 0 0 -3.97479e-016 -1.84577e-015 0 -4.44089e-016 0 0 0 2.90519 -4.51256 -1.48844 3.09311 -4.23733 -9.45468 -14.3029 -5.41079 
0 0 0 0 0 1.77636e-015 -4.23158e-016 -5.34941e-015 0 -6.05863e-016 0 0 0 0 -19.4015 -20.3236 9.85454 -10.4857 -24.6759 -30.4617 -9.84015 
0 0 0 0 0 2.76492e-015 8.29198e-017 5.232e-015 0 1.61208e-015 0 0 0 0 0 21.7022 -23.252 3.25624 20.1056 36.8314 31.2586 
0 0 0 0 0 2.62978e-015 1.50097e-015 7.38659e-015 0 2.1238e-015 0 8.88178e-016 7.10543e-015 -8.88178e-016 -3.55271e-015 0 14.2554 11.4698 11.0513 32.6384 4.15955 
0 0 0 0 0 -2.27022e-015 -2.51391e-015 -4.48916e-015 0 -2.89412e-015 0 -1.53382e-015 -2.64814e-014 1.53382e-015 6.13529e-015 0 0 -16.8126 -38.468 -65.0553 -31.6794 
0 0 0 0 0 2.29146e-015 -3.92709e-016 3.85684e-015 0 5.35467e-016 0 -3.9363e-016 -1.29218e-014 3.9363e-016 1.57452e-015 0 0 0 -8.24037 -8.74479 -3.23866 
0 0 0 -3.55271e-015 0 1.79142e-015 9.49009e-017 -1.33731e-015 0 5.20284e-016 0 -2.49806e-016 -1.01345e-014 2.49806e-016 -6.1062e-015 -3.55271e-015 0 0 0 9.38344 15.1574 
-------------------------
x1: -1.09425
x2: -0.275927
x3: 1.5429
x4: 0.229472
x5: -3.28033
x6: 0.568995
x7: -0.389924
x8: -0.0923231
x9: 2.2773
x10: -2.10691
x11: -0.400478
x12: -1.43272
x13: -1.6014
x14: 2.19221
x15: 1.04667
x16: -1.27011
x17: -1.30161
x18: -1.34323
x19: -1.32119
x20: 1.61533
Calculate time: 0.071s
