Dimension +7:
-2 -3 3 -1 3 1 1 5 
-2 -1 -5 -1 -3 2 -3 -2 
2 1 -2 -3 -3 -4 2 -3 
1 2 4 -2 -5 -1 2 2 
7 -4 -2 2 2 -1 3 1 
4 5 -3 1 3 -5 6 5 
4 -5 1 -2 -1 -4 8 1 
-------------------------
-2 -3 3 -1 3 1 1 5 
0 2 -8 0 -6 1 -4 -7 
0 -2 1 -4 0 -3 3 2 
0 0.5 5.5 -2.5 -3.5 -0.5 2.5 4.5 
0 -14.5 8.5 -1.5 12.5 2.5 6.5 18.5 
0 -1 3 -1 9 -3 8 15 
0 -11 7 -4 5 -2 10 11 
-------------------------
-2 -3 3 -1 3 1 1 5 
0 2 -8 0 -6 1 -4 -7 
0 0 -7 -4 -6 -2 -1 -5 
0 0 7.5 -2.5 -2 -0.75 3.5 6.25 
0 0 -49.5 -1.5 -31 9.75 -22.5 -32.25 
0 0 -1 -1 6 -2.5 6 11.5 
0 0 -37 -4 -28 3.5 -12 -27.5 
-------------------------
-2 -3 3 -1 3 1 1 5 
0 2 -8 0 -6 1 -4 -7 
0 0 -7 -4 -6 -2 -1 -5 
0 0 0 -6.78571 -8.42857 -2.89286 2.42857 0.892857 
0 0 0 26.7857 11.4286 23.8929 -15.4286 3.10714 
0 0 0 -0.428571 6.85714 -2.21429 6.14286 12.2143 
0 0 0 17.1429 3.71429 14.0714 -6.71429 -1.07143 
-------------------------
-2 -3 3 -1 3 1 1 5 
0 2 -8 0 -6 1 -4 -7 
0 0 -7 -4 -6 -2 -1 -5 
0 0 0 -6.78571 -8.42857 -2.89286 2.42857 0.892857 
0 0 0 0 -21.8421 12.4737 -5.84211 6.63158 
0 0 0 0 7.38947 -2.03158 5.98947 12.1579 
0 0 0 0 -17.5789 6.76316 -0.578947 1.18421 
-------------------------
-2 -3 3 -1 3 1 1 5 
0 2 -8 0 -6 1 -4 -7 
0 0 -7 -4 -6 -2 -1 -5 
0 0 0 -6.78571 -8.42857 -2.89286 2.42857 0.892857 
0 0 0 0 -21.8421 12.4737 -5.84211 6.63158 
0 0 0 0 8.88178e-016 2.18843 4.01301 14.4014 
0 0 0 0 0 -3.2759 4.12289 -4.15301 
-------------------------
-2 -3 3 -1 3 1 1 5 
0 2 -8 0 -6 1 -4 -7 
0 0 -7 -4 -6 -2 -1 -5 
0 0 0 -6.78571 -8.42857 -2.89286 2.42857 0.892857 
0 0 0 0 -21.8421 12.4737 -5.84211 6.63158 
0 0 0 0 8.88178e-016 2.18843 4.01301 14.4014 
0 0 0 0 1.32953e-015 0 10.13 17.4048 
-------------------------
x1: 0.963185
x2: 1.29641
x3: -0.127988
x4: -2.46418
x5: 1.19572
x6: 3.4301
x7: 1.71813
Calculate time: 0.002s
